<?xml version="1.0" encoding="UTF-8"?>
<testsuite name="it.unicam.cs.pa.mastermind2019.TestPlayer" tests="2" skipped="0" failures="0" errors="0" timestamp="2019-07-02T15:45:29" hostname="DESKTOP-AV53NU8" time="0.01">
  <properties/>
  <testcase name="testBotGenerateCodeNotNull" classname="it.unicam.cs.pa.mastermind2019.TestPlayer" time="0.004"/>
  <testcase name="testBotGenerateCode" classname="it.unicam.cs.pa.mastermind2019.TestPlayer" time="0.006"/>
  <system-out><![CDATA[[1, 5, 6, 4, 3, 2]
[3, 1, 5, 6, 7, 2]
]]></system-out>
  <system-err><![CDATA[lug 02, 2019 5:45:29 PM it.unicam.cs.pa.mastermind2019.LogToFile messaggio
INFO: Creazione Player
lug 02, 2019 5:45:29 PM it.unicam.cs.pa.mastermind2019.LogToFile messaggio
INFO: Creato un Bot
lug 02, 2019 5:45:29 PM it.unicam.cs.pa.mastermind2019.LogToFile messaggio
INFO: Codice generato dal Bot
lug 02, 2019 5:45:29 PM it.unicam.cs.pa.mastermind2019.LogToFile messaggio
INFO: Creazione Player
lug 02, 2019 5:45:29 PM it.unicam.cs.pa.mastermind2019.LogToFile messaggio
INFO: Creato un Bot
lug 02, 2019 5:45:29 PM it.unicam.cs.pa.mastermind2019.LogToFile messaggio
INFO: Codice generato dal Bot
]]></system-err>
</testsuite>
