<?xml version="1.0" encoding="UTF-8"?>
<testsuite name="it.unicam.cs.pa.mastermind2019.TestPlayer" tests="2" skipped="0" failures="0" errors="0" timestamp="2019-07-05T15:30:05" hostname="DESKTOP-AV53NU8" time="0.009">
  <properties/>
  <testcase name="testBotGenerateCodeNotNull" classname="it.unicam.cs.pa.mastermind2019.TestPlayer" time="0.004"/>
  <testcase name="testBotGenerateCode" classname="it.unicam.cs.pa.mastermind2019.TestPlayer" time="0.004"/>
  <system-out><![CDATA[[5, 3, 7, 1, 2, 6]
[4, 2, 1, 5, 6, 7]
]]></system-out>
  <system-err><![CDATA[lug 05, 2019 5:30:05 PM it.unicam.cs.pa.mastermind2019.LogToFile messaggio
INFO: Creazione Player
lug 05, 2019 5:30:05 PM it.unicam.cs.pa.mastermind2019.LogToFile messaggio
INFO: Creato un Bot
lug 05, 2019 5:30:05 PM it.unicam.cs.pa.mastermind2019.LogToFile messaggio
INFO: Codice generato dal Bot
lug 05, 2019 5:30:05 PM it.unicam.cs.pa.mastermind2019.LogToFile messaggio
INFO: Creazione Player
lug 05, 2019 5:30:05 PM it.unicam.cs.pa.mastermind2019.LogToFile messaggio
INFO: Creato un Bot
lug 05, 2019 5:30:05 PM it.unicam.cs.pa.mastermind2019.LogToFile messaggio
INFO: Codice generato dal Bot
]]></system-err>
</testsuite>
