<?xml version="1.0" encoding="UTF-8"?>
<testsuite name="it.unicam.cs.pa.mastermind2019.AppTest" tests="1" skipped="0" failures="0" errors="0" timestamp="2019-06-26T18:56:35" hostname="DESKTOP-AV53NU8" time="0.001">
  <properties/>
  <testcase name="testAppHasAGreeting" classname="it.unicam.cs.pa.mastermind2019.AppTest" time="0.001"/>
  <system-out><![CDATA[]]></system-out>
  <system-err><![CDATA[]]></system-err>
</testsuite>
